# JRE version: OpenJDK Runtime Environment Temurin-21.0.10+7 (21.0.10+7) (build 21.0.10+7-LTS)
# Java VM: OpenJDK 64-Bit Server VM Temurin-21.0.10+7 (21.0.10+7-LTS, mixed mode, sharing, tiered, compressed oops, compressed class ptrs, parallel gc, windows-amd64)
GC Precious Log:
 CardTable entry size: 512
 CPUs: 8 total, 8 available
 Memory: 7418M
 Large Page Support: Disabled
 NUMA Support: Disabled
 Compressed Oops: Enabled (32-bit)
 Alignments: Space 512K, Generation 512K, Heap 2M
 Heap Min Capacity: 100M
 Heap Initial Capacity: 100M
 Heap Max Capacity: 2G
 Pre-touch: Disabled
 Parallel Workers: 8
Heap:
 PSYoungGen      total 17408K, used 4041K [0x00000000d5580000, 0x00000000d6900000, 0x0000000100000000)
  eden space 16896K, 23% used [0x00000000d5580000,0x00000000d5972458,0x00000000d6600000)
  from space 512K, 0% used [0x00000000d6880000,0x00000000d6880000,0x00000000d6900000)
  to   space 512K, 0% used [0x00000000d6800000,0x00000000d6800000,0x00000000d6880000)
 ParOldGen       total 68608K, used 44141K [0x0000000080000000, 0x0000000084300000, 0x00000000d5580000)
  object space 68608K, 64% used [0x0000000080000000,0x0000000082b1b498,0x0000000084300000)
 Metaspace       used 58515K, committed 60032K, reserved 1114112K
  class space    used 6302K, committed 6976K, reserved 1048576K
GC Heap History (20 events):
Event: 51.663 GC heap before
{Heap before GC invocations=38 (full 2):
 PSYoungGen      total 18432K, used 17405K [0x00000000d5580000, 0x00000000d6880000, 0x0000000100000000)
  eden space 16896K, 100% used [0x00000000d5580000,0x00000000d6600000,0x00000000d6600000)
  from space 1536K, 33% used [0x00000000d6600000,0x00000000d667f710,0x00000000d6780000)
  to   space 1024K, 0% used [0x00000000d6780000,0x00000000d6780000,0x00000000d6880000)
 ParOldGen       total 68608K, used 47556K [0x0000000080000000, 0x0000000084300000, 0x00000000d5580000)
  object space 68608K, 69% used [0x0000000080000000,0x0000000082e711f8,0x0000000084300000)
 Metaspace       used 52328K, committed 53696K, reserved 1114112K
  class space    used 5636K, committed 6208K, reserved 1048576K
}
Event: 51.665 GC heap after
{Heap after GC invocations=38 (full 2):
 PSYoungGen      total 17408K, used 353K [0x00000000d5580000, 0x00000000d6800000, 0x0000000100000000)
  eden space 16896K, 0% used [0x00000000d5580000,0x00000000d5580000,0x00000000d6600000)
  from space 512K, 69% used [0x00000000d6780000,0x00000000d67d87a8,0x00000000d6800000)
  to   space 512K, 0% used [0x00000000d6700000,0x00000000d6700000,0x00000000d6780000)
 ParOldGen       total 68608K, used 47628K [0x0000000080000000, 0x0000000084300000, 0x00000000d5580000)
  object space 68608K, 69% used [0x0000000080000000,0x0000000082e831f8,0x0000000084300000)
 Metaspace       used 52328K, committed 53696K, reserved 1114112K
  class space    used 5636K, committed 6208K, reserved 1048576K
}
Event: 51.815 GC heap before
{Heap before GC invocations=39 (full 2):
 PSYoungGen      total 17408K, used 17249K [0x00000000d5580000, 0x00000000d6800000, 0x0000000100000000)
  eden space 16896K, 100% used [0x00000000d5580000,0x00000000d6600000,0x00000000d6600000)
  from space 512K, 69% used [0x00000000d6780000,0x00000000d67d87a8,0x00000000d6800000)
  to   space 512K, 0% used [0x00000000d6700000,0x00000000d6700000,0x00000000d6780000)
 ParOldGen       total 68608K, used 47628K [0x0000000080000000, 0x0000000084300000, 0x00000000d5580000)
  object space 68608K, 69% used [0x0000000080000000,0x0000000082e831f8,0x0000000084300000)
 Metaspace       used 52441K, committed 53824K, reserved 1114112K
  class space    used 5648K, committed 6208K, reserved 1048576K
}
Event: 51.817 GC heap after
{Heap after GC invocations=39 (full 2):
 PSYoungGen      total 17408K, used 480K [0x00000000d5580000, 0x00000000d6800000, 0x0000000100000000)
  eden space 16896K, 0% used [0x00000000d5580000,0x00000000d5580000,0x00000000d6600000)
  from space 512K, 93% used [0x00000000d6700000,0x00000000d6778288,0x00000000d6780000)
  to   space 512K, 0% used [0x00000000d6780000,0x00000000d6780000,0x00000000d6800000)
 ParOldGen       total 68608K, used 47700K [0x0000000080000000, 0x0000000084300000, 0x00000000d5580000)
  object space 68608K, 69% used [0x0000000080000000,0x0000000082e951f8,0x0000000084300000)
 Metaspace       used 52441K, committed 53824K, reserved 1114112K
  class space    used 5648K, committed 6208K, reserved 1048576K
}
Event: 52.303 GC heap before
{Heap before GC invocations=40 (full 2):
 PSYoungGen      total 17408K, used 17376K [0x00000000d5580000, 0x00000000d6800000, 0x0000000100000000)
  eden space 16896K, 100% used [0x00000000d5580000,0x00000000d6600000,0x00000000d6600000)
  from space 512K, 93% used [0x00000000d6700000,0x00000000d6778288,0x00000000d6780000)
  to   space 512K, 0% used [0x00000000d6780000,0x00000000d6780000,0x00000000d6800000)
 ParOldGen       total 68608K, used 47700K [0x0000000080000000, 0x0000000084300000, 0x00000000d5580000)
  object space 68608K, 69% used [0x0000000080000000,0x0000000082e951f8,0x0000000084300000)
 Metaspace       used 53445K, committed 54784K, reserved 1114112K
  class space    used 5782K, committed 6336K, reserved 1048576K
}
Event: 52.304 GC heap after
{Heap after GC invocations=40 (full 2):
 PSYoungGen      total 17408K, used 512K [0x00000000d5580000, 0x00000000d6800000, 0x0000000100000000)
  eden space 16896K, 0% used [0x00000000d5580000,0x00000000d5580000,0x00000000d6600000)
  from space 512K, 100% used [0x00000000d6780000,0x00000000d6800000,0x00000000d6800000)
  to   space 1024K, 0% used [0x00000000d6600000,0x00000000d6600000,0x00000000d6700000)
 ParOldGen       total 68608K, used 47961K [0x0000000080000000, 0x0000000084300000, 0x00000000d5580000)
  object space 68608K, 69% used [0x0000000080000000,0x0000000082ed6640,0x0000000084300000)
 Metaspace       used 53445K, committed 54784K, reserved 1114112K
  class space    used 5782K, committed 6336K, reserved 1048576K
}
Event: 52.930 GC heap before
{Heap before GC invocations=41 (full 2):
 PSYoungGen      total 17408K, used 17407K [0x00000000d5580000, 0x00000000d6800000, 0x0000000100000000)
  eden space 16896K, 99% used [0x00000000d5580000,0x00000000d65ffec0,0x00000000d6600000)
  from space 512K, 100% used [0x00000000d6780000,0x00000000d6800000,0x00000000d6800000)
  to   space 1024K, 0% used [0x00000000d6600000,0x00000000d6600000,0x00000000d6700000)
 ParOldGen       total 68608K, used 47961K [0x0000000080000000, 0x0000000084300000, 0x00000000d5580000)
  object space 68608K, 69% used [0x0000000080000000,0x0000000082ed6640,0x0000000084300000)
 Metaspace       used 54809K, committed 56192K, reserved 1114112K
  class space    used 5975K, committed 6528K, reserved 1048576K
}
Event: 52.932 GC heap after
{Heap after GC invocations=41 (full 2):
 PSYoungGen      total 17920K, used 572K [0x00000000d5580000, 0x00000000d6800000, 0x0000000100000000)
  eden space 16896K, 0% used [0x00000000d5580000,0x00000000d5580000,0x00000000d6600000)
  from space 1024K, 55% used [0x00000000d6600000,0x00000000d668f280,0x00000000d6700000)
  to   space 1024K, 0% used [0x00000000d6700000,0x00000000d6700000,0x00000000d6800000)
 ParOldGen       total 68608K, used 48453K [0x0000000080000000, 0x0000000084300000, 0x00000000d5580000)
  object space 68608K, 70% used [0x0000000080000000,0x0000000082f514d0,0x0000000084300000)
 Metaspace       used 54809K, committed 56192K, reserved 1114112K
  class space    used 5975K, committed 6528K, reserved 1048576K
}
Event: 53.591 GC heap before
{Heap before GC invocations=42 (full 2):
 PSYoungGen      total 17920K, used 17428K [0x00000000d5580000, 0x00000000d6800000, 0x0000000100000000)
  eden space 16896K, 99% used [0x00000000d5580000,0x00000000d65f60f8,0x00000000d6600000)
  from space 1024K, 55% used [0x00000000d6600000,0x00000000d668f280,0x00000000d6700000)
  to   space 1024K, 0% used [0x00000000d6700000,0x00000000d6700000,0x00000000d6800000)
 ParOldGen       total 68608K, used 48453K [0x0000000080000000, 0x0000000084300000, 0x00000000d5580000)
  object space 68608K, 70% used [0x0000000080000000,0x0000000082f514d0,0x0000000084300000)
 Metaspace       used 55734K, committed 57152K, reserved 1114112K
  class space    used 6068K, committed 6656K, reserved 1048576K
}
Event: 53.592 GC heap after
{Heap after GC invocations=42 (full 2):
 PSYoungGen      total 17408K, used 352K [0x00000000d5580000, 0x00000000d6780000, 0x0000000100000000)
  eden space 16896K, 0% used [0x00000000d5580000,0x00000000d5580000,0x00000000d6600000)
  from space 512K, 68% used [0x00000000d6700000,0x00000000d6758000,0x00000000d6780000)
  to   space 512K, 0% used [0x00000000d6680000,0x00000000d6680000,0x00000000d6700000)
 ParOldGen       total 68608K, used 48840K [0x0000000080000000, 0x0000000084300000, 0x00000000d5580000)
  object space 68608K, 71% used [0x0000000080000000,0x0000000082fb2328,0x0000000084300000)
 Metaspace       used 55734K, committed 57152K, reserved 1114112K
  class space    used 6068K, committed 6656K, reserved 1048576K
}
Event: 53.988 GC heap before
{Heap before GC invocations=43 (full 2):
 PSYoungGen      total 17408K, used 17248K [0x00000000d5580000, 0x00000000d6780000, 0x0000000100000000)
  eden space 16896K, 100% used [0x00000000d5580000,0x00000000d6600000,0x00000000d6600000)
  from space 512K, 68% used [0x00000000d6700000,0x00000000d6758000,0x00000000d6780000)
  to   space 512K, 0% used [0x00000000d6680000,0x00000000d6680000,0x00000000d6700000)
 ParOldGen       total 68608K, used 48840K [0x0000000080000000, 0x0000000084300000, 0x00000000d5580000)
  object space 68608K, 71% used [0x0000000080000000,0x0000000082fb2328,0x0000000084300000)
 Metaspace       used 57108K, committed 58496K, reserved 1114112K
  class space    used 6174K, committed 6720K, reserved 1048576K
}
Event: 53.991 GC heap after
{Heap after GC invocations=43 (full 2):
 PSYoungGen      total 17408K, used 508K [0x00000000d5580000, 0x00000000d6c00000, 0x0000000100000000)
  eden space 16896K, 0% used [0x00000000d5580000,0x00000000d5580000,0x00000000d6600000)
  from space 512K, 99% used [0x00000000d6680000,0x00000000d66ff3d8,0x00000000d6700000)
  to   space 3072K, 0% used [0x00000000d6900000,0x00000000d6900000,0x00000000d6c00000)
 ParOldGen       total 68608K, used 50601K [0x0000000080000000, 0x0000000084300000, 0x00000000d5580000)
  object space 68608K, 73% used [0x0000000080000000,0x000000008316a410,0x0000000084300000)
 Metaspace       used 57108K, committed 58496K, reserved 1114112K
  class space    used 6174K, committed 6720K, reserved 1048576K
}
Event: 54.124 GC heap before
{Heap before GC invocations=44 (full 2):
 PSYoungGen      total 17408K, used 17404K [0x00000000d5580000, 0x00000000d6c00000, 0x0000000100000000)
  eden space 16896K, 100% used [0x00000000d5580000,0x00000000d6600000,0x00000000d6600000)
  from space 512K, 99% used [0x00000000d6680000,0x00000000d66ff3d8,0x00000000d6700000)
  to   space 3072K, 0% used [0x00000000d6900000,0x00000000d6900000,0x00000000d6c00000)
 ParOldGen       total 68608K, used 50601K [0x0000000080000000, 0x0000000084300000, 0x00000000d5580000)
  object space 68608K, 73% used [0x0000000080000000,0x000000008316a410,0x0000000084300000)
 Metaspace       used 57122K, committed 58496K, reserved 1114112K
  class space    used 6174K, committed 6720K, reserved 1048576K
}
Event: 54.126 GC heap after
{Heap after GC invocations=44 (full 2):
 PSYoungGen      total 17920K, used 630K [0x00000000d5580000, 0x00000000d6a00000, 0x0000000100000000)
  eden space 16896K, 0% used [0x00000000d5580000,0x00000000d5580000,0x00000000d6600000)
  from space 1024K, 61% used [0x00000000d6900000,0x00000000d699d9e8,0x00000000d6a00000)
  to   space 1536K, 0% used [0x00000000d6700000,0x00000000d6700000,0x00000000d6880000)
 ParOldGen       total 68608K, used 51122K [0x0000000080000000, 0x0000000084300000, 0x00000000d5580000)
  object space 68608K, 74% used [0x0000000080000000,0x00000000831eca78,0x0000000084300000)
 Metaspace       used 57122K, committed 58496K, reserved 1114112K
  class space    used 6174K, committed 6720K, reserved 1048576K
}
Event: 54.342 GC heap before
{Heap before GC invocations=45 (full 2):
 PSYoungGen      total 17920K, used 17526K [0x00000000d5580000, 0x00000000d6a00000, 0x0000000100000000)
  eden space 16896K, 100% used [0x00000000d5580000,0x00000000d6600000,0x00000000d6600000)
  from space 1024K, 61% used [0x00000000d6900000,0x00000000d699d9e8,0x00000000d6a00000)
  to   space 1536K, 0% used [0x00000000d6700000,0x00000000d6700000,0x00000000d6880000)
 ParOldGen       total 68608K, used 51122K [0x0000000080000000, 0x0000000084300000, 0x00000000d5580000)
  object space 68608K, 74% used [0x0000000080000000,0x00000000831eca78,0x0000000084300000)
 Metaspace       used 58377K, committed 59776K, reserved 1114112K
  class space    used 6287K, committed 6848K, reserved 1048576K
}
Event: 54.344 GC heap after
{Heap after GC invocations=45 (full 2):
 PSYoungGen      total 18432K, used 320K [0x00000000d5580000, 0x00000000d6980000, 0x0000000100000000)
  eden space 16896K, 0% used [0x00000000d5580000,0x00000000d5580000,0x00000000d6600000)
  from space 1536K, 20% used [0x00000000d6700000,0x00000000d6750000,0x00000000d6880000)
  to   space 1024K, 0% used [0x00000000d6880000,0x00000000d6880000,0x00000000d6980000)
 ParOldGen       total 68608K, used 51210K [0x0000000080000000, 0x0000000084300000, 0x00000000d5580000)
  object space 68608K, 74% used [0x0000000080000000,0x0000000083202a78,0x0000000084300000)
 Metaspace       used 58377K, committed 59776K, reserved 1114112K
  class space    used 6287K, committed 6848K, reserved 1048576K
}
Event: 54.381 GC heap before
{Heap before GC invocations=46 (full 2):
 PSYoungGen      total 18432K, used 1127K [0x00000000d5580000, 0x00000000d6980000, 0x0000000100000000)
  eden space 16896K, 4% used [0x00000000d5580000,0x00000000d5649f18,0x00000000d6600000)
  from space 1536K, 20% used [0x00000000d6700000,0x00000000d6750000,0x00000000d6880000)
  to   space 1024K, 0% used [0x00000000d6880000,0x00000000d6880000,0x00000000d6980000)
 ParOldGen       total 68608K, used 51210K [0x0000000080000000, 0x0000000084300000, 0x00000000d5580000)
  object space 68608K, 74% used [0x0000000080000000,0x0000000083202a78,0x0000000084300000)
 Metaspace       used 58422K, committed 59776K, reserved 1114112K
  class space    used 6292K, committed 6848K, reserved 1048576K
}
Event: 54.382 GC heap after
{Heap after GC invocations=46 (full 2):
 PSYoungGen      total 17408K, used 256K [0x00000000d5580000, 0x00000000d6900000, 0x0000000100000000)
  eden space 16896K, 0% used [0x00000000d5580000,0x00000000d5580000,0x00000000d6600000)
  from space 512K, 50% used [0x00000000d6880000,0x00000000d68c0000,0x00000000d6900000)
  to   space 512K, 0% used [0x00000000d6800000,0x00000000d6800000,0x00000000d6880000)
 ParOldGen       total 68608K, used 51354K [0x0000000080000000, 0x0000000084300000, 0x00000000d5580000)
  object space 68608K, 74% used [0x0000000080000000,0x0000000083226a78,0x0000000084300000)
 Metaspace       used 58422K, committed 59776K, reserved 1114112K
  class space    used 6292K, committed 6848K, reserved 1048576K
}
Event: 54.382 GC heap before
{Heap before GC invocations=47 (full 3):
 PSYoungGen      total 17408K, used 256K [0x00000000d5580000, 0x00000000d6900000, 0x0000000100000000)
  eden space 16896K, 0% used [0x00000000d5580000,0x00000000d5580000,0x00000000d6600000)
  from space 512K, 50% used [0x00000000d6880000,0x00000000d68c0000,0x00000000d6900000)
  to   space 512K, 0% used [0x00000000d6800000,0x00000000d6800000,0x00000000d6880000)
 ParOldGen       total 68608K, used 51354K [0x0000000080000000, 0x0000000084300000, 0x00000000d5580000)
  object space 68608K, 74% used [0x0000000080000000,0x0000000083226a78,0x0000000084300000)
 Metaspace       used 58422K, committed 59776K, reserved 1114112K
  class space    used 6292K, committed 6848K, reserved 1048576K
}
Event: 54.521 GC heap after
{Heap after GC invocations=47 (full 3):
 PSYoungGen      total 17408K, used 0K [0x00000000d5580000, 0x00000000d6900000, 0x0000000100000000)
  eden space 16896K, 0% used [0x00000000d5580000,0x00000000d5580000,0x00000000d6600000)
  from space 512K, 0% used [0x00000000d6880000,0x00000000d6880000,0x00000000d6900000)
  to   space 512K, 0% used [0x00000000d6800000,0x00000000d6800000,0x00000000d6880000)
 ParOldGen       total 68608K, used 44141K [0x0000000080000000, 0x0000000084300000, 0x00000000d5580000)
  object space 68608K, 64% used [0x0000000080000000,0x0000000082b1b498,0x0000000084300000)
 Metaspace       used 58422K, committed 59776K, reserved 1114112K
  class space    used 6292K, committed 6848K, reserved 1048576K
}

